{
  "/Users/hayashidayuu/dev/hanson/react-tutorial/mocks/handlers.ts": {
    "path": "/Users/hayashidayuu/dev/hanson/react-tutorial/mocks/handlers.ts",
    "all": false,
    "statementMap": {
      "0": {
        "start": { "line": 1, "column": 0 },
        "end": { "line": 1, "column": 41 }
      },
      "2": {
        "start": { "line": 3, "column": 0 },
        "end": { "line": 3, "column": 25 }
      },
      "3": {
        "start": { "line": 4, "column": 0 },
        "end": { "line": 4, "column": 50 }
      },
      "4": {
        "start": { "line": 5, "column": 0 },
        "end": { "line": 5, "column": 30 }
      },
      "5": {
        "start": { "line": 6, "column": 0 },
        "end": { "line": 6, "column": 24 }
      },
      "6": {
        "start": { "line": 7, "column": 0 },
        "end": { "line": 7, "column": 27 }
      },
      "7": {
        "start": { "line": 8, "column": 0 },
        "end": { "line": 8, "column": 7 }
      },
      "8": {
        "start": { "line": 9, "column": 0 },
        "end": { "line": 9, "column": 5 }
      },
      "9": {
        "start": { "line": 10, "column": 0 },
        "end": { "line": 10, "column": 2 }
      }
    },
    "s": {
      "0": 1,
      "2": 1,
      "3": 1,
      "4": 1,
      "5": 1,
      "6": 1,
      "7": 1,
      "8": 1,
      "9": 1
    },
    "branchMap": {
      "0": {
        "type": "branch",
        "line": 4,
        "loc": {
          "start": { "line": 4, "column": 43 },
          "end": { "line": 9, "column": 5 }
        },
        "locations": [
          {
            "start": { "line": 4, "column": 43 },
            "end": { "line": 9, "column": 5 }
          }
        ]
      }
    },
    "b": { "0": [1] },
    "fnMap": {},
    "f": {}
  },
  "/Users/hayashidayuu/dev/hanson/react-tutorial/mocks/node.ts": {
    "path": "/Users/hayashidayuu/dev/hanson/react-tutorial/mocks/node.ts",
    "all": false,
    "statementMap": {
      "0": {
        "start": { "line": 1, "column": 0 },
        "end": { "line": 1, "column": 39 }
      },
      "2": {
        "start": { "line": 3, "column": 0 },
        "end": { "line": 3, "column": 38 }
      },
      "4": {
        "start": { "line": 5, "column": 0 },
        "end": { "line": 5, "column": 47 }
      }
    },
    "s": { "0": 1, "2": 1, "4": 1 },
    "branchMap": {},
    "b": {},
    "fnMap": {},
    "f": {}
  },
  "/Users/hayashidayuu/dev/hanson/react-tutorial/src/App.tsx": {
    "path": "/Users/hayashidayuu/dev/hanson/react-tutorial/src/App.tsx",
    "all": true,
    "statementMap": {
      "0": {
        "start": { "line": 1, "column": 0 },
        "end": { "line": 1, "column": 32 }
      },
      "1": {
        "start": { "line": 2, "column": 0 },
        "end": { "line": 2, "column": 42 }
      },
      "2": {
        "start": { "line": 3, "column": 0 },
        "end": { "line": 3, "column": 32 }
      },
      "3": {
        "start": { "line": 4, "column": 0 },
        "end": { "line": 4, "column": 18 }
      },
      "5": {
        "start": { "line": 6, "column": 0 },
        "end": { "line": 6, "column": 16 }
      },
      "6": {
        "start": { "line": 7, "column": 0 },
        "end": { "line": 7, "column": 39 }
      },
      "8": {
        "start": { "line": 9, "column": 0 },
        "end": { "line": 9, "column": 10 }
      },
      "9": {
        "start": { "line": 10, "column": 0 },
        "end": { "line": 10, "column": 6 }
      },
      "10": {
        "start": { "line": 11, "column": 0 },
        "end": { "line": 11, "column": 11 }
      },
      "11": {
        "start": { "line": 12, "column": 0 },
        "end": { "line": 12, "column": 53 }
      },
      "12": {
        "start": { "line": 13, "column": 0 },
        "end": { "line": 13, "column": 65 }
      },
      "14": {
        "start": { "line": 15, "column": 0 },
        "end": { "line": 15, "column": 52 }
      },
      "15": {
        "start": { "line": 16, "column": 0 },
        "end": { "line": 16, "column": 73 }
      },
      "18": {
        "start": { "line": 19, "column": 0 },
        "end": { "line": 19, "column": 27 }
      },
      "19": {
        "start": { "line": 20, "column": 0 },
        "end": { "line": 20, "column": 28 }
      },
      "20": {
        "start": { "line": 21, "column": 0 },
        "end": { "line": 21, "column": 63 }
      },
      "21": {
        "start": { "line": 22, "column": 0 },
        "end": { "line": 22, "column": 26 }
      },
      "23": {
        "start": { "line": 24, "column": 0 },
        "end": { "line": 24, "column": 11 }
      },
      "24": {
        "start": { "line": 25, "column": 0 },
        "end": { "line": 25, "column": 60 }
      },
      "27": {
        "start": { "line": 28, "column": 0 },
        "end": { "line": 28, "column": 35 }
      },
      "32": {
        "start": { "line": 33, "column": 0 },
        "end": { "line": 33, "column": 1 }
      },
      "34": {
        "start": { "line": 35, "column": 0 },
        "end": { "line": 35, "column": 18 }
      }
    },
    "s": {
      "0": 0,
      "1": 0,
      "2": 0,
      "3": 0,
      "5": 0,
      "6": 0,
      "8": 0,
      "9": 0,
      "10": 0,
      "11": 0,
      "12": 0,
      "14": 0,
      "15": 0,
      "18": 0,
      "19": 0,
      "20": 0,
      "21": 0,
      "23": 0,
      "24": 0,
      "27": 0,
      "32": 0,
      "34": 0
    },
    "branchMap": {
      "0": {
        "type": "branch",
        "line": 1,
        "loc": {
          "start": { "line": 1, "column": 0 },
          "end": { "line": 35, "column": -632 }
        },
        "locations": [
          {
            "start": { "line": 1, "column": 0 },
            "end": { "line": 35, "column": -632 }
          }
        ]
      }
    },
    "b": { "0": [0] },
    "fnMap": {
      "0": {
        "name": "(empty-report)",
        "decl": {
          "start": { "line": 1, "column": 0 },
          "end": { "line": 35, "column": -632 }
        },
        "loc": {
          "start": { "line": 1, "column": 0 },
          "end": { "line": 35, "column": -632 }
        },
        "line": 1
      }
    },
    "f": { "0": 0 }
  },
  "/Users/hayashidayuu/dev/hanson/react-tutorial/src/main.tsx": {
    "path": "/Users/hayashidayuu/dev/hanson/react-tutorial/src/main.tsx",
    "all": true,
    "statementMap": {
      "0": {
        "start": { "line": 1, "column": 0 },
        "end": { "line": 1, "column": 34 }
      },
      "1": {
        "start": { "line": 2, "column": 0 },
        "end": { "line": 2, "column": 45 }
      },
      "2": {
        "start": { "line": 3, "column": 0 },
        "end": { "line": 3, "column": 27 }
      },
      "3": {
        "start": { "line": 4, "column": 0 },
        "end": { "line": 4, "column": 20 }
      },
      "5": {
        "start": { "line": 6, "column": 0 },
        "end": { "line": 6, "column": 52 }
      },
      "6": {
        "start": { "line": 7, "column": 0 },
        "end": { "line": 7, "column": 14 }
      },
      "7": {
        "start": { "line": 8, "column": 0 },
        "end": { "line": 8, "column": 11 }
      }
    },
    "s": { "0": 0, "1": 0, "2": 0, "3": 0, "5": 0, "6": 0, "7": 0 },
    "branchMap": {
      "0": {
        "type": "branch",
        "line": 1,
        "loc": {
          "start": { "line": 1, "column": 229 },
          "end": { "line": 10, "column": 1 }
        },
        "locations": [
          {
            "start": { "line": 1, "column": 229 },
            "end": { "line": 10, "column": 1 }
          }
        ]
      }
    },
    "b": { "0": [0] },
    "fnMap": {
      "0": {
        "name": "(empty-report)",
        "decl": {
          "start": { "line": 1, "column": 229 },
          "end": { "line": 10, "column": 1 }
        },
        "loc": {
          "start": { "line": 1, "column": 229 },
          "end": { "line": 10, "column": 1 }
        },
        "line": 1
      }
    },
    "f": { "0": 0 }
  },
  "/Users/hayashidayuu/dev/hanson/react-tutorial/src/components/Sample.tsx": {
    "path": "/Users/hayashidayuu/dev/hanson/react-tutorial/src/components/Sample.tsx",
    "all": false,
    "statementMap": {
      "0": {
        "start": { "line": 1, "column": 0 },
        "end": { "line": 1, "column": 33 }
      },
      "7": {
        "start": { "line": 8, "column": 0 },
        "end": { "line": 8, "column": 22 }
      },
      "8": {
        "start": { "line": 9, "column": 0 },
        "end": { "line": 9, "column": 54 }
      },
      "9": {
        "start": { "line": 10, "column": 0 },
        "end": { "line": 10, "column": 52 }
      },
      "11": {
        "start": { "line": 12, "column": 0 },
        "end": { "line": 12, "column": 35 }
      },
      "12": {
        "start": { "line": 13, "column": 0 },
        "end": { "line": 13, "column": 23 }
      },
      "13": {
        "start": { "line": 14, "column": 0 },
        "end": { "line": 14, "column": 60 }
      },
      "14": {
        "start": { "line": 15, "column": 0 },
        "end": { "line": 15, "column": 34 }
      },
      "15": {
        "start": { "line": 16, "column": 0 },
        "end": { "line": 16, "column": 18 }
      },
      "16": {
        "start": { "line": 17, "column": 0 },
        "end": { "line": 17, "column": 24 }
      },
      "17": {
        "start": { "line": 18, "column": 0 },
        "end": { "line": 18, "column": 4 }
      },
      "19": {
        "start": { "line": 20, "column": 0 },
        "end": { "line": 20, "column": 18 }
      },
      "20": {
        "start": { "line": 21, "column": 0 },
        "end": { "line": 21, "column": 33 }
      },
      "21": {
        "start": { "line": 22, "column": 0 },
        "end": { "line": 22, "column": 3 }
      },
      "23": {
        "start": { "line": 24, "column": 0 },
        "end": { "line": 24, "column": 77 }
      },
      "25": {
        "start": { "line": 26, "column": 0 },
        "end": { "line": 26, "column": 10 }
      },
      "26": {
        "start": { "line": 27, "column": 0 },
        "end": { "line": 27, "column": 9 }
      },
      "27": {
        "start": { "line": 28, "column": 0 },
        "end": { "line": 28, "column": 32 }
      },
      "28": {
        "start": { "line": 29, "column": 0 },
        "end": { "line": 29, "column": 52 }
      },
      "31": {
        "start": { "line": 32, "column": 0 },
        "end": { "line": 32, "column": 2 }
      },
      "33": {
        "start": { "line": 34, "column": 0 },
        "end": { "line": 34, "column": 22 }
      }
    },
    "s": {
      "0": 1,
      "7": 1,
      "8": 4,
      "9": 4,
      "11": 4,
      "12": 1,
      "13": 1,
      "14": 1,
      "15": 1,
      "16": 1,
      "17": 1,
      "19": 4,
      "20": 1,
      "21": 1,
      "23": 4,
      "25": 4,
      "26": 4,
      "27": 4,
      "28": 4,
      "31": 4,
      "33": 1
    },
    "branchMap": {
      "0": {
        "type": "branch",
        "line": 8,
        "loc": {
          "start": { "line": 8, "column": 15 },
          "end": { "line": 32, "column": 2 }
        },
        "locations": [
          {
            "start": { "line": 8, "column": 15 },
            "end": { "line": 32, "column": 2 }
          }
        ]
      },
      "1": {
        "type": "branch",
        "line": 20,
        "loc": {
          "start": { "line": 20, "column": 17 },
          "end": { "line": 22, "column": 3 }
        },
        "locations": [
          {
            "start": { "line": 20, "column": 17 },
            "end": { "line": 22, "column": 3 }
          }
        ]
      },
      "2": {
        "type": "branch",
        "line": 22,
        "loc": {
          "start": { "line": 22, "column": 2 },
          "end": { "line": 24, "column": 26 }
        },
        "locations": [
          {
            "start": { "line": 22, "column": 2 },
            "end": { "line": 24, "column": 26 }
          }
        ]
      },
      "3": {
        "type": "branch",
        "line": 24,
        "loc": {
          "start": { "line": 24, "column": 19 },
          "end": { "line": 24, "column": 62 }
        },
        "locations": [
          {
            "start": { "line": 24, "column": 19 },
            "end": { "line": 24, "column": 62 }
          }
        ]
      },
      "4": {
        "type": "branch",
        "line": 24,
        "loc": {
          "start": { "line": 24, "column": 62 },
          "end": { "line": 24, "column": 77 }
        },
        "locations": [
          {
            "start": { "line": 24, "column": 62 },
            "end": { "line": 24, "column": 77 }
          }
        ]
      },
      "5": {
        "type": "branch",
        "line": 12,
        "loc": {
          "start": { "line": 12, "column": 22 },
          "end": { "line": 18, "column": 4 }
        },
        "locations": [
          {
            "start": { "line": 12, "column": 22 },
            "end": { "line": 18, "column": 4 }
          }
        ]
      }
    },
    "b": { "0": [4], "1": [1], "2": [3], "3": [1], "4": [2], "5": [1] },
    "fnMap": {
      "0": {
        "name": "Sample",
        "decl": {
          "start": { "line": 8, "column": 15 },
          "end": { "line": 32, "column": 2 }
        },
        "loc": {
          "start": { "line": 8, "column": 15 },
          "end": { "line": 32, "column": 2 }
        },
        "line": 8
      },
      "1": {
        "name": "handleClick",
        "decl": {
          "start": { "line": 12, "column": 22 },
          "end": { "line": 18, "column": 4 }
        },
        "loc": {
          "start": { "line": 12, "column": 22 },
          "end": { "line": 18, "column": 4 }
        },
        "line": 12
      }
    },
    "f": { "0": 4, "1": 1 }
  }
}
